2025-05-28 17:49:26,217 - INFO - Cambiando credenciales → Usuario: -4396309, Token: dc8B2AAzh2dtfIHNyyOtFQ..
2025-05-28 17:49:26,621 - WARNING - ✗ Falló o no es PDF válido (status: 404)
2025-05-28 17:49:27,624 - INFO - No coincide: KARLA ESPERANZA RODRÍGUEZ GUERRA  
Este documento tiene un límite de
2025-05-28 17:49:28,784 - INFO - No coincide: EDDIN ABIGAIL REYES TORRES  
Este documento tiene un límite de
2025-05-28 17:49:29,769 - INFO - No coincide: SIENA DEL CARMEN RECINOS VIDAL  
Este documento tiene un límite de
2025-05-28 17:49:30,712 - INFO - No coincide: LUBET PATZILY ALFARO DEL AGUILA  
Este documento tiene un límite de
2025-05-28 17:49:31,115 - INFO - Cambiando credenciales → Usuario: -4396379, Token: qAa9dEDJJUTHov2L4HZnUR..
2025-05-28 17:49:31,684 - INFO - No coincide: OLGA MARINA MINER  
Este documento tiene un límite de
2025-05-28 17:49:32,632 - INFO - No coincide: ASTRID PAMELA ESTRADA ALFARO  
Este documento tiene un límite de
2025-05-28 17:49:33,574 - INFO - No coincide: KARIN ROXANNA URÍAS GUTIERREZ  
Este documento tiene un límite de
2025-05-28 17:49:34,563 - INFO - No coincide: HULIN ABELINO MONTEJO SILVESTRE  
Este documento tiene un límite de
2025-05-28 17:49:35,591 - INFO - No coincide: JORAM JULIO CÉSAR BOCHE LARA  
Este documento tiene un límite de
2025-05-28 17:49:35,994 - INFO - Cambiando credenciales → Usuario: -4396568, Token: uN2SmbsT6kRpjo1ZP8yBiR..
2025-05-28 17:49:36,618 - INFO - No coincide: MIGUEL ENRIQUE CAAL OXOM  
Este documento tiene un límite de
2025-05-28 17:49:37,580 - INFO - No coincide: PLÁCIDO  GABRIEL VELÁSQUEZ  
Este documento tiene un límite de
